2018-12-15 23:10:29  INFO DBConnector:77 - Mysql jdbc: jdbc:mysql://127.0.0.1:3306/kobishop?useUnicode=true&characterEncoding=utf-8
2018-12-15 23:10:29  INFO DBConnector:78 - user: root
2018-12-15 23:10:29  INFO DBConnector:79 - pass: admin
2018-12-15 23:10:29  INFO DBConnector:88 - mySQLPool: finished init pool...
2018-12-15 23:10:48  INFO BaseServlet:85 - logRequestWithResponse: {"request":{"Agent":"Mozilla/5.0 (Windows NT 10.0; Win64; x64) AppleWebKit/537.36 (KHTML, like Gecko) Chrome/71.0.3578.98 Safari/537.36","Query":"?username=admin&password=admin","IP":"127.0.0.1","URI":"/api/auth/login","Body":""},"response":"{\"returnCode\":1,\"returnMessage\":\"SUCCESS\",\"data\":{\"permission\":\"admin\",\"userName\":\"admin\",\"token\":\"eyJhbGciOiJIUzUxMiJ9.eyJzdWIiOiJLb2Jpc2hvcCIsImV4cCI6MTU0NDkxMTgzNiwidXNlciI6eyJ1c2VySWQiOjMsInVzZXJOYW1lIjoiYWRtaW4iLCJwZXJtaXNzaW9uIjoiYWRtaW4ifX0.692CKJPluKyhh1RUrVV4F_SRa4XjkdfQpUqlznJoFVfuRBDrHYRMTF5hPCzk4zgqB6t2eTymHHS8KSB3mluQUw\"}}","ts":1544890248440}
2018-12-15 23:12:33 ERROR AbstractAdminController:48 - AbstractAdminController: null
java.lang.NullPointerException
	at app.entity.EnApiOutput.<init>(EnApiOutput.java:54)
	at app.admin.controller.AbstractAdminController.execute(AbstractAdminController.java:33)
	at core.controller.ApiServlet.process(ApiServlet.java:108)
	at core.controller.ApiServlet.handle(ApiServlet.java:95)
	at core.controller.ApiServlet.doGet(ApiServlet.java:86)
	at javax.servlet.http.HttpServlet.service(HttpServlet.java:687)
	at javax.servlet.http.HttpServlet.service(HttpServlet.java:790)
	at org.eclipse.jetty.servlet.ServletHolder.handle(ServletHolder.java:738)
	at org.eclipse.jetty.servlet.ServletHandler.doHandle(ServletHandler.java:551)
	at org.eclipse.jetty.server.session.SessionHandler.doHandle(SessionHandler.java:219)
	at org.eclipse.jetty.server.handler.ContextHandler.doHandle(ContextHandler.java:1111)
	at org.eclipse.jetty.servlet.ServletHandler.doScope(ServletHandler.java:478)
	at org.eclipse.jetty.server.session.SessionHandler.doScope(SessionHandler.java:183)
	at org.eclipse.jetty.server.handler.ContextHandler.doScope(ContextHandler.java:1045)
	at org.eclipse.jetty.server.handler.ScopedHandler.handle(ScopedHandler.java:141)
	at org.eclipse.jetty.server.handler.HandlerWrapper.handle(HandlerWrapper.java:97)
	at org.eclipse.jetty.server.Server.handle(Server.java:462)
	at org.eclipse.jetty.server.HttpChannel.handle(HttpChannel.java:279)
	at org.eclipse.jetty.server.HttpConnection.onFillable(HttpConnection.java:232)
	at org.eclipse.jetty.io.AbstractConnection$2.run(AbstractConnection.java:534)
	at org.eclipse.jetty.util.thread.QueuedThreadPool.runJob(QueuedThreadPool.java:607)
	at org.eclipse.jetty.util.thread.QueuedThreadPool$3.run(QueuedThreadPool.java:536)
	at java.lang.Thread.run(Thread.java:748)
2018-12-15 23:13:24  INFO LoginService:128 - check user not exist
2018-12-15 23:13:24 ERROR AccountService:72 - SQL [insert into `kobishop`.`account` (`username`, `password`, `name`, `role`) values (?, ?, ?, ?)]; Field 'email' doesn't have a default value
org.jooq.exception.DataAccessException: SQL [insert into `kobishop`.`account` (`username`, `password`, `name`, `role`) values (?, ?, ?, ?)]; Field 'email' doesn't have a default value
	at org.jooq_3.9.3.MYSQL.debug(Unknown Source)
	at org.jooq.impl.Tools.translate(Tools.java:1985)
	at org.jooq.impl.DefaultExecuteContext.sqlException(DefaultExecuteContext.java:676)
	at org.jooq.impl.AbstractQuery.execute(AbstractQuery.java:363)
	at org.jooq.impl.AbstractDelegatingQuery.execute(AbstractDelegatingQuery.java:135)
	at app.admin.service.AccountService.insertByAdmin(AccountService.java:63)
	at app.admin.controller.AccountController.insertAdmin(AccountController.java:65)
	at app.admin.controller.AccountController.doProcess(AccountController.java:33)
	at app.admin.controller.AbstractAdminController.execute(AbstractAdminController.java:45)
	at core.controller.ApiServlet.process(ApiServlet.java:108)
	at core.controller.ApiServlet.handle(ApiServlet.java:95)
	at core.controller.ApiServlet.doGet(ApiServlet.java:86)
	at javax.servlet.http.HttpServlet.service(HttpServlet.java:687)
	at javax.servlet.http.HttpServlet.service(HttpServlet.java:790)
	at org.eclipse.jetty.servlet.ServletHolder.handle(ServletHolder.java:738)
	at org.eclipse.jetty.servlet.ServletHandler.doHandle(ServletHandler.java:551)
	at org.eclipse.jetty.server.session.SessionHandler.doHandle(SessionHandler.java:219)
	at org.eclipse.jetty.server.handler.ContextHandler.doHandle(ContextHandler.java:1111)
	at org.eclipse.jetty.servlet.ServletHandler.doScope(ServletHandler.java:478)
	at org.eclipse.jetty.server.session.SessionHandler.doScope(SessionHandler.java:183)
	at org.eclipse.jetty.server.handler.ContextHandler.doScope(ContextHandler.java:1045)
	at org.eclipse.jetty.server.handler.ScopedHandler.handle(ScopedHandler.java:141)
	at org.eclipse.jetty.server.handler.HandlerWrapper.handle(HandlerWrapper.java:97)
	at org.eclipse.jetty.server.Server.handle(Server.java:462)
	at org.eclipse.jetty.server.HttpChannel.handle(HttpChannel.java:279)
	at org.eclipse.jetty.server.HttpConnection.onFillable(HttpConnection.java:232)
	at org.eclipse.jetty.io.AbstractConnection$2.run(AbstractConnection.java:534)
	at org.eclipse.jetty.util.thread.QueuedThreadPool.runJob(QueuedThreadPool.java:607)
	at org.eclipse.jetty.util.thread.QueuedThreadPool$3.run(QueuedThreadPool.java:536)
	at java.lang.Thread.run(Thread.java:748)
Caused by: java.sql.SQLException: Field 'email' doesn't have a default value
	at com.mysql.jdbc.SQLError.createSQLException(SQLError.java:1094)
	at com.mysql.jdbc.MysqlIO.checkErrorPacket(MysqlIO.java:4226)
	at com.mysql.jdbc.MysqlIO.checkErrorPacket(MysqlIO.java:4158)
	at com.mysql.jdbc.MysqlIO.sendCommand(MysqlIO.java:2615)
	at com.mysql.jdbc.MysqlIO.sqlQueryDirect(MysqlIO.java:2776)
	at com.mysql.jdbc.ConnectionImpl.execSQL(ConnectionImpl.java:2840)
	at com.mysql.jdbc.PreparedStatement.executeInternal(PreparedStatement.java:2082)
	at com.mysql.jdbc.PreparedStatement.execute(PreparedStatement.java:1302)
	at snaq.db.CachedPreparedStatement.execute(CachedPreparedStatement.java:328)
	at org.jooq.tools.jdbc.DefaultPreparedStatement.execute(DefaultPreparedStatement.java:195)
	at org.jooq.impl.AbstractQuery.execute(AbstractQuery.java:431)
	at org.jooq.impl.AbstractDMLQuery.execute(AbstractDMLQuery.java:335)
	at org.jooq.impl.AbstractQuery.execute(AbstractQuery.java:349)
	... 26 more
2018-12-15 23:13:24 ERROR AccountService:74 - Database Error
2018-12-15 23:13:24  INFO BaseServlet:85 - logRequestWithResponse: {"request":{"Agent":"Mozilla/5.0 (Windows NT 10.0; Win64; x64) AppleWebKit/537.36 (KHTML, like Gecko) Chrome/71.0.3578.98 Safari/537.36","Query":"?username=quan&password=quan&name=minh%20quan&role=user&token=eyJhbGciOiJIUzUxMiJ9.eyJzdWIiOiJLb2Jpc2hvcCIsImV4cCI6MTU0NDkxMTgzNiwidXNlciI6eyJ1c2VySWQiOjMsInVzZXJOYW1lIjoiYWRtaW4iLCJwZXJtaXNzaW9uIjoiYWRtaW4ifX0.692CKJPluKyhh1RUrVV4F_SRa4XjkdfQpUqlznJoFVfuRBDrHYRMTF5hPCzk4zgqB6t2eTymHHS8KSB3mluQUw","IP":"127.0.0.1","URI":"/api/admin/account/insertAdmin","Body":""},"response":"{\"returnCode\":-1000,\"returnMessage\":\"SYSTEM_ERROR\"}","ts":1544890404500}
2018-12-15 23:20:04 ERROR AbstractAdminController:48 - AbstractAdminController: null
java.lang.NullPointerException
	at app.entity.EnApiOutput.<init>(EnApiOutput.java:54)
	at app.admin.controller.AbstractAdminController.execute(AbstractAdminController.java:33)
	at core.controller.ApiServlet.process(ApiServlet.java:108)
	at core.controller.ApiServlet.handle(ApiServlet.java:95)
	at core.controller.ApiServlet.doGet(ApiServlet.java:86)
	at javax.servlet.http.HttpServlet.service(HttpServlet.java:687)
	at javax.servlet.http.HttpServlet.service(HttpServlet.java:790)
	at org.eclipse.jetty.servlet.ServletHolder.handle(ServletHolder.java:738)
	at org.eclipse.jetty.servlet.ServletHandler.doHandle(ServletHandler.java:551)
	at org.eclipse.jetty.server.session.SessionHandler.doHandle(SessionHandler.java:219)
	at org.eclipse.jetty.server.handler.ContextHandler.doHandle(ContextHandler.java:1111)
	at org.eclipse.jetty.servlet.ServletHandler.doScope(ServletHandler.java:478)
	at org.eclipse.jetty.server.session.SessionHandler.doScope(SessionHandler.java:183)
	at org.eclipse.jetty.server.handler.ContextHandler.doScope(ContextHandler.java:1045)
	at org.eclipse.jetty.server.handler.ScopedHandler.handle(ScopedHandler.java:141)
	at org.eclipse.jetty.server.handler.HandlerWrapper.handle(HandlerWrapper.java:97)
	at org.eclipse.jetty.server.Server.handle(Server.java:462)
	at org.eclipse.jetty.server.HttpChannel.handle(HttpChannel.java:279)
	at org.eclipse.jetty.server.HttpConnection.onFillable(HttpConnection.java:232)
	at org.eclipse.jetty.io.AbstractConnection$2.run(AbstractConnection.java:534)
	at org.eclipse.jetty.util.thread.QueuedThreadPool.runJob(QueuedThreadPool.java:607)
	at org.eclipse.jetty.util.thread.QueuedThreadPool$3.run(QueuedThreadPool.java:536)
	at java.lang.Thread.run(Thread.java:748)
2018-12-15 23:20:55  INFO DBConnector:77 - Mysql jdbc: jdbc:mysql://127.0.0.1:3306/kobishop?useUnicode=true&characterEncoding=utf-8
2018-12-15 23:20:55  INFO DBConnector:78 - user: root
2018-12-15 23:20:55  INFO DBConnector:79 - pass: admin
2018-12-15 23:20:55  INFO DBConnector:88 - mySQLPool: finished init pool...
2018-12-15 23:20:57  INFO BaseServlet:85 - logRequestWithResponse: {"request":{"Agent":"Mozilla/5.0 (Windows NT 10.0; Win64; x64) AppleWebKit/537.36 (KHTML, like Gecko) Chrome/71.0.3578.98 Safari/537.36","Query":"?username=admin&password=admin","IP":"127.0.0.1","URI":"/api/auth/login","Body":""},"response":"{\"returnCode\":1,\"returnMessage\":\"SUCCESS\",\"data\":{\"permission\":\"admin\",\"userName\":\"admin\",\"token\":\"eyJhbGciOiJIUzUxMiJ9.eyJzdWIiOiJLb2Jpc2hvcCIsImV4cCI6MTU0NDkxMjQ1NywidXNlciI6eyJ1c2VySWQiOjMsInVzZXJOYW1lIjoiYWRtaW4iLCJwZXJtaXNzaW9uIjoiYWRtaW4ifX0.sEMYtTut5NoZ-L6AboAybXJB8SmsJ-62ttamSDQnmKBaCu064XVlLovBkN773Yln252uFqoL-6Ixfqw8JZiexA\"}}","ts":1544890857867}
2018-12-15 23:21:11  INFO LoginService:128 - check user not exist
2018-12-15 23:21:11 ERROR AccountService:72 - SQL [insert into `kobishop`.`account` (`username`, `password`, `name`, `role`) values (?, ?, ?, ?)]; Field 'email' doesn't have a default value
org.jooq.exception.DataAccessException: SQL [insert into `kobishop`.`account` (`username`, `password`, `name`, `role`) values (?, ?, ?, ?)]; Field 'email' doesn't have a default value
	at org.jooq_3.9.3.MYSQL.debug(Unknown Source)
	at org.jooq.impl.Tools.translate(Tools.java:1985)
	at org.jooq.impl.DefaultExecuteContext.sqlException(DefaultExecuteContext.java:676)
	at org.jooq.impl.AbstractQuery.execute(AbstractQuery.java:363)
	at org.jooq.impl.AbstractDelegatingQuery.execute(AbstractDelegatingQuery.java:135)
	at app.admin.service.AccountService.insertByAdmin(AccountService.java:63)
	at app.admin.controller.AccountController.insertAdmin(AccountController.java:65)
	at app.admin.controller.AccountController.doProcess(AccountController.java:33)
	at app.admin.controller.AbstractAdminController.execute(AbstractAdminController.java:45)
	at core.controller.ApiServlet.process(ApiServlet.java:108)
	at core.controller.ApiServlet.handle(ApiServlet.java:95)
	at core.controller.ApiServlet.doGet(ApiServlet.java:86)
	at javax.servlet.http.HttpServlet.service(HttpServlet.java:687)
	at javax.servlet.http.HttpServlet.service(HttpServlet.java:790)
	at org.eclipse.jetty.servlet.ServletHolder.handle(ServletHolder.java:738)
	at org.eclipse.jetty.servlet.ServletHandler.doHandle(ServletHandler.java:551)
	at org.eclipse.jetty.server.session.SessionHandler.doHandle(SessionHandler.java:219)
	at org.eclipse.jetty.server.handler.ContextHandler.doHandle(ContextHandler.java:1111)
	at org.eclipse.jetty.servlet.ServletHandler.doScope(ServletHandler.java:478)
	at org.eclipse.jetty.server.session.SessionHandler.doScope(SessionHandler.java:183)
	at org.eclipse.jetty.server.handler.ContextHandler.doScope(ContextHandler.java:1045)
	at org.eclipse.jetty.server.handler.ScopedHandler.handle(ScopedHandler.java:141)
	at org.eclipse.jetty.server.handler.HandlerWrapper.handle(HandlerWrapper.java:97)
	at org.eclipse.jetty.server.Server.handle(Server.java:462)
	at org.eclipse.jetty.server.HttpChannel.handle(HttpChannel.java:279)
	at org.eclipse.jetty.server.HttpConnection.onFillable(HttpConnection.java:232)
	at org.eclipse.jetty.io.AbstractConnection$2.run(AbstractConnection.java:534)
	at org.eclipse.jetty.util.thread.QueuedThreadPool.runJob(QueuedThreadPool.java:607)
	at org.eclipse.jetty.util.thread.QueuedThreadPool$3.run(QueuedThreadPool.java:536)
	at java.lang.Thread.run(Thread.java:748)
Caused by: java.sql.SQLException: Field 'email' doesn't have a default value
	at com.mysql.jdbc.SQLError.createSQLException(SQLError.java:1094)
	at com.mysql.jdbc.MysqlIO.checkErrorPacket(MysqlIO.java:4226)
	at com.mysql.jdbc.MysqlIO.checkErrorPacket(MysqlIO.java:4158)
	at com.mysql.jdbc.MysqlIO.sendCommand(MysqlIO.java:2615)
	at com.mysql.jdbc.MysqlIO.sqlQueryDirect(MysqlIO.java:2776)
	at com.mysql.jdbc.ConnectionImpl.execSQL(ConnectionImpl.java:2840)
	at com.mysql.jdbc.PreparedStatement.executeInternal(PreparedStatement.java:2082)
	at com.mysql.jdbc.PreparedStatement.execute(PreparedStatement.java:1302)
	at snaq.db.CachedPreparedStatement.execute(CachedPreparedStatement.java:328)
	at org.jooq.tools.jdbc.DefaultPreparedStatement.execute(DefaultPreparedStatement.java:195)
	at org.jooq.impl.AbstractQuery.execute(AbstractQuery.java:431)
	at org.jooq.impl.AbstractDMLQuery.execute(AbstractDMLQuery.java:335)
	at org.jooq.impl.AbstractQuery.execute(AbstractQuery.java:349)
	... 26 more
2018-12-15 23:21:11 ERROR AccountService:74 - Database Error
2018-12-15 23:21:11  INFO BaseServlet:85 - logRequestWithResponse: {"request":{"Agent":"Mozilla/5.0 (Windows NT 10.0; Win64; x64) AppleWebKit/537.36 (KHTML, like Gecko) Chrome/71.0.3578.98 Safari/537.36","Query":"?username=quan&password=quan&name=minh%20quan&role=user&token=eyJhbGciOiJIUzUxMiJ9.eyJzdWIiOiJLb2Jpc2hvcCIsImV4cCI6MTU0NDkxMjQ1NywidXNlciI6eyJ1c2VySWQiOjMsInVzZXJOYW1lIjoiYWRtaW4iLCJwZXJtaXNzaW9uIjoiYWRtaW4ifX0.sEMYtTut5NoZ-L6AboAybXJB8SmsJ-62ttamSDQnmKBaCu064XVlLovBkN773Yln252uFqoL-6Ixfqw8JZiexA","IP":"127.0.0.1","URI":"/api/admin/account/insertAdmin","Body":""},"response":"{\"returnCode\":-1000,\"returnMessage\":\"SYSTEM_ERROR\"}","ts":1544890871593}
